C:\Program Files (x86)\Microsoft Visual Studio\2017\Community\Common7\IDE\VC\VCTargets\Microsoft.CppBuild.targets(391,5): warning MSB8028: промежуточный каталог (Debug\) содержит файлы, которые используются совместно с другим проектом (LabWorkShafeeva.vcxproj).  Это может привести к ошибкам очистки и перестроения.
  LabWork1_1.cpp
c:\program_project\visualstudioproject\labworkshafeeva\labworkshafeeva\labwork1_1.cpp(12): warning C4326: возвращаемый тип "main" должен быть "int", а не "void"
c:\program_project\visualstudioproject\labworkshafeeva\labworkshafeeva\labwork1_1.cpp(18): warning C4305: аргумент: усечение из "double" в "float"
c:\program_project\visualstudioproject\labworkshafeeva\labworkshafeeva\labwork1_1.cpp(18): warning C4244: инициализация: преобразование "double" в "float", возможна потеря данных
c:\program_project\visualstudioproject\labworkshafeeva\labworkshafeeva\labwork1_1.cpp(29): warning C4305: инициализация: усечение из "double" в "float"
c:\program_project\visualstudioproject\labworkshafeeva\labworkshafeeva\labwork1_1.cpp(30): warning C4244: аргумент: преобразование "double" в "float", возможна потеря данных
c:\program_project\visualstudioproject\labworkshafeeva\labworkshafeeva\labwork1_1.cpp(30): warning C4244: инициализация: преобразование "double" в "float", возможна потеря данных
c:\program_project\visualstudioproject\labworkshafeeva\labworkshafeeva\labwork1_1.cpp(45): warning C4305: =: усечение из "double" в "float"
c:\program_project\visualstudioproject\labworkshafeeva\labworkshafeeva\labwork1_1.cpp(46): warning C4244: аргумент: преобразование "double" в "float", возможна потеря данных
c:\program_project\visualstudioproject\labworkshafeeva\labworkshafeeva\labwork1_1.cpp(47): warning C4244: аргумент: преобразование "double" в "float", возможна потеря данных
c:\program_project\visualstudioproject\labworkshafeeva\labworkshafeeva\labwork1_1.cpp(53): warning C4305: =: усечение из "double" в "float"
c:\program_project\visualstudioproject\labworkshafeeva\labworkshafeeva\labwork1_1.cpp(54): warning C4244: аргумент: преобразование "double" в "float", возможна потеря данных
c:\program_project\visualstudioproject\labworkshafeeva\labworkshafeeva\labwork1_1.cpp(54): warning C4244: инициализация: преобразование "double" в "float", возможна потеря данных
c:\program_project\visualstudioproject\labworkshafeeva\labworkshafeeva\labwork1_1.cpp(55): warning C4244: аргумент: преобразование "double" в "float", возможна потеря данных
c:\program_project\visualstudioproject\labworkshafeeva\labworkshafeeva\labwork1_1.cpp(55): warning C4244: инициализация: преобразование "double" в "float", возможна потеря данных
c:\program_project\visualstudioproject\labworkshafeeva\labworkshafeeva\labwork1_1.cpp(62): warning C4244: инициализация: преобразование "double" в "float", возможна потеря данных
c:\program_project\visualstudioproject\labworkshafeeva\labworkshafeeva\labwork1_1.cpp(63): warning C4244: инициализация: преобразование "double" в "float", возможна потеря данных
c:\program_project\visualstudioproject\labworkshafeeva\labworkshafeeva\labwork1_1.cpp(69): warning C4305: =: усечение из "double" в "float"
c:\program_project\visualstudioproject\labworkshafeeva\labworkshafeeva\labwork1_1.cpp(70): warning C4244: =: преобразование "double" в "float", возможна потеря данных
c:\program_project\visualstudioproject\labworkshafeeva\labworkshafeeva\labwork1_1.cpp(71): warning C4244: =: преобразование "double" в "float", возможна потеря данных
c:\program_project\visualstudioproject\labworkshafeeva\labworkshafeeva\labwork1_1.cpp(78): warning C4244: =: преобразование "double" в "float", возможна потеря данных
c:\program_project\visualstudioproject\labworkshafeeva\labworkshafeeva\labwork1_1.cpp(79): warning C4244: =: преобразование "double" в "float", возможна потеря данных
c:\program_project\visualstudioproject\labworkshafeeva\labworkshafeeva\labwork1_1.cpp(85): warning C4305: =: усечение из "double" в "float"
c:\program_project\visualstudioproject\labworkshafeeva\labworkshafeeva\labwork1_1.cpp(86): warning C4244: =: преобразование "double" в "float", возможна потеря данных
c:\program_project\visualstudioproject\labworkshafeeva\labworkshafeeva\labwork1_1.cpp(87): warning C4244: =: преобразование "double" в "float", возможна потеря данных
c:\program_project\visualstudioproject\labworkshafeeva\labworkshafeeva\labwork1_1.cpp(93): warning C4305: =: усечение из "double" в "float"
c:\program_project\visualstudioproject\labworkshafeeva\labworkshafeeva\labwork1_1.cpp(94): warning C4244: =: преобразование "double" в "float", возможна потеря данных
c:\program_project\visualstudioproject\labworkshafeeva\labworkshafeeva\labwork1_1.cpp(95): warning C4244: =: преобразование "double" в "float", возможна потеря данных
c:\program_project\visualstudioproject\labworkshafeeva\labworkshafeeva\labwork1_1.cpp(101): warning C4305: =: усечение из "double" в "float"
c:\program_project\visualstudioproject\labworkshafeeva\labworkshafeeva\labwork1_1.cpp(102): warning C4244: =: преобразование "double" в "float", возможна потеря данных
c:\program_project\visualstudioproject\labworkshafeeva\labworkshafeeva\labwork1_1.cpp(103): warning C4244: =: преобразование "double" в "float", возможна потеря данных
c:\program_project\visualstudioproject\labworkshafeeva\labworkshafeeva\labwork1_1.cpp(109): warning C4305: =: усечение из "double" в "float"
c:\program_project\visualstudioproject\labworkshafeeva\labworkshafeeva\labwork1_1.cpp(110): warning C4244: =: преобразование "double" в "float", возможна потеря данных
c:\program_project\visualstudioproject\labworkshafeeva\labworkshafeeva\labwork1_1.cpp(111): warning C4244: =: преобразование "double" в "float", возможна потеря данных
c:\program_project\visualstudioproject\labworkshafeeva\labworkshafeeva\labwork1_1.cpp(117): warning C4305: =: усечение из "double" в "float"
c:\program_project\visualstudioproject\labworkshafeeva\labworkshafeeva\labwork1_1.cpp(118): warning C4244: =: преобразование "double" в "float", возможна потеря данных
c:\program_project\visualstudioproject\labworkshafeeva\labworkshafeeva\labwork1_1.cpp(119): warning C4244: =: преобразование "double" в "float", возможна потеря данных
c:\program_project\visualstudioproject\labworkshafeeva\labworkshafeeva\labwork1_1.cpp(125): warning C4305: =: усечение из "double" в "float"
c:\program_project\visualstudioproject\labworkshafeeva\labworkshafeeva\labwork1_1.cpp(126): warning C4244: =: преобразование "double" в "float", возможна потеря данных
c:\program_project\visualstudioproject\labworkshafeeva\labworkshafeeva\labwork1_1.cpp(127): warning C4244: =: преобразование "double" в "float", возможна потеря данных
c:\program_project\visualstudioproject\labworkshafeeva\labworkshafeeva\labwork1_1.cpp(133): warning C4305: =: усечение из "double" в "float"
c:\program_project\visualstudioproject\labworkshafeeva\labworkshafeeva\labwork1_1.cpp(134): warning C4244: аргумент: преобразование "double" в "float", возможна потеря данных
c:\program_project\visualstudioproject\labworkshafeeva\labworkshafeeva\labwork1_1.cpp(134): warning C4244: =: преобразование "double" в "float", возможна потеря данных
c:\program_project\visualstudioproject\labworkshafeeva\labworkshafeeva\labwork1_1.cpp(135): warning C4244: аргумент: преобразование "double" в "float", возможна потеря данных
c:\program_project\visualstudioproject\labworkshafeeva\labworkshafeeva\labwork1_1.cpp(135): warning C4244: =: преобразование "double" в "float", возможна потеря данных
c:\program_project\visualstudioproject\labworkshafeeva\labworkshafeeva\labwork1_1.cpp(141): warning C4305: =: усечение из "double" в "float"
c:\program_project\visualstudioproject\labworkshafeeva\labworkshafeeva\labwork1_1.cpp(142): warning C4244: =: преобразование "double" в "float", возможна потеря данных
c:\program_project\visualstudioproject\labworkshafeeva\labworkshafeeva\labwork1_1.cpp(143): warning C4244: =: преобразование "double" в "float", возможна потеря данных
c:\program_project\visualstudioproject\labworkshafeeva\labworkshafeeva\labwork1_1.cpp(150): warning C4244: =: преобразование "double" в "float", возможна потеря данных
c:\program_project\visualstudioproject\labworkshafeeva\labworkshafeeva\labwork1_1.cpp(151): warning C4244: =: преобразование "double" в "float", возможна потеря данных
c:\program_project\visualstudioproject\labworkshafeeva\labworkshafeeva\labwork1_1.cpp(158): warning C4244: =: преобразование "double" в "float", возможна потеря данных
c:\program_project\visualstudioproject\labworkshafeeva\labworkshafeeva\labwork1_1.cpp(159): warning C4244: =: преобразование "double" в "float", возможна потеря данных
c:\program_project\visualstudioproject\labworkshafeeva\labworkshafeeva\labwork1_1.cpp(166): warning C4244: =: преобразование "double" в "float", возможна потеря данных
c:\program_project\visualstudioproject\labworkshafeeva\labworkshafeeva\labwork1_1.cpp(167): warning C4244: =: преобразование "double" в "float", возможна потеря данных
c:\program_project\visualstudioproject\labworkshafeeva\labworkshafeeva\labwork1_1.cpp(174): warning C4244: аргумент: преобразование "double" в "float", возможна потеря данных
c:\program_project\visualstudioproject\labworkshafeeva\labworkshafeeva\labwork1_1.cpp(174): warning C4244: =: преобразование "double" в "float", возможна потеря данных
c:\program_project\visualstudioproject\labworkshafeeva\labworkshafeeva\labwork1_1.cpp(175): warning C4244: аргумент: преобразование "double" в "float", возможна потеря данных
c:\program_project\visualstudioproject\labworkshafeeva\labworkshafeeva\labwork1_1.cpp(175): warning C4244: =: преобразование "double" в "float", возможна потеря данных
c:\program_project\visualstudioproject\labworkshafeeva\labworkshafeeva\labwork1_1.cpp(181): warning C4305: =: усечение из "double" в "float"
c:\program_project\visualstudioproject\labworkshafeeva\labworkshafeeva\labwork1_1.cpp(182): warning C4244: =: преобразование "double" в "float", возможна потеря данных
c:\program_project\visualstudioproject\labworkshafeeva\labworkshafeeva\labwork1_1.cpp(183): warning C4244: =: преобразование "double" в "float", возможна потеря данных
  LabWorkShafeeva.vcxproj -> C:\Program_Project\VisualStudioProject\LabWorkShafeeva\Debug\LabWork1_1.exe
