  LabWork2_1.cpp
c:\program_project\github\laboratory-work\labworkshafeeva\labwork2_1\labwork2_1.cpp(24): warning C4305: +=: усечение из "double" в "float"
c:\program_project\github\laboratory-work\labworkshafeeva\labwork2_1\labwork2_1.cpp(52): warning C4305: инициализация: усечение из "double" в "float"
c:\program_project\github\laboratory-work\labworkshafeeva\labwork2_1\labwork2_1.cpp(60): warning C4305: +=: усечение из "double" в "float"
c:\program_project\github\laboratory-work\labworkshafeeva\labwork2_1\labwork2_1.cpp(90): warning C4305: инициализация: усечение из "double" в "float"
c:\program_project\github\laboratory-work\labworkshafeeva\labwork2_1\labwork2_1.cpp(94): warning C4244: =: преобразование "double" в "float", возможна потеря данных
c:\program_project\github\laboratory-work\labworkshafeeva\labwork2_1\labwork2_1.cpp(98): warning C4244: =: преобразование "double" в "float", возможна потеря данных
c:\program_project\github\laboratory-work\labworkshafeeva\labwork2_1\labwork2_1.cpp(130): warning C4244: =: преобразование "double" в "float", возможна потеря данных
c:\program_project\github\laboratory-work\labworkshafeeva\labwork2_1\labwork2_1.cpp(134): warning C4244: =: преобразование "double" в "float", возможна потеря данных
c:\program_project\github\laboratory-work\labworkshafeeva\labwork2_1\labwork2_1.cpp(166): warning C4244: =: преобразование "double" в "float", возможна потеря данных
c:\program_project\github\laboratory-work\labworkshafeeva\labwork2_1\labwork2_1.cpp(170): warning C4244: =: преобразование "double" в "float", возможна потеря данных
c:\program_project\github\laboratory-work\labworkshafeeva\labwork2_1\labwork2_1.cpp(198): warning C4305: инициализация: усечение из "double" в "float"
c:\program_project\github\laboratory-work\labworkshafeeva\labwork2_1\labwork2_1.cpp(206): warning C4244: =: преобразование "double" в "float", возможна потеря данных
c:\program_project\github\laboratory-work\labworkshafeeva\labwork2_1\labwork2_1.cpp(234): warning C4305: инициализация: усечение из "double" в "float"
c:\program_project\github\laboratory-work\labworkshafeeva\labwork2_1\labwork2_1.cpp(240): warning C4244: =: преобразование "double" в "float", возможна потеря данных
c:\program_project\github\laboratory-work\labworkshafeeva\labwork2_1\labwork2_1.cpp(307): warning C4244: =: преобразование "double" в "float", возможна потеря данных
c:\program_project\github\laboratory-work\labworkshafeeva\labwork2_1\labwork2_1.cpp(309): warning C4244: =: преобразование "double" в "float", возможна потеря данных
c:\program_project\github\laboratory-work\labworkshafeeva\labwork2_1\labwork2_1.cpp(313): warning C4244: =: преобразование "double" в "float", возможна потеря данных
c:\program_project\github\laboratory-work\labworkshafeeva\labwork2_1\labwork2_1.cpp(315): warning C4244: =: преобразование "double" в "float", возможна потеря данных
c:\program_project\github\laboratory-work\labworkshafeeva\labwork2_1\labwork2_1.cpp(319): warning C4244: =: преобразование "double" в "float", возможна потеря данных
c:\program_project\github\laboratory-work\labworkshafeeva\labwork2_1\labwork2_1.cpp(321): warning C4244: =: преобразование "double" в "float", возможна потеря данных
c:\program_project\github\laboratory-work\labworkshafeeva\labwork2_1\labwork2_1.cpp(325): warning C4244: =: преобразование "double" в "float", возможна потеря данных
c:\program_project\github\laboratory-work\labworkshafeeva\labwork2_1\labwork2_1.cpp(379): warning C4244: =: преобразование "double" в "float", возможна потеря данных
c:\program_project\github\laboratory-work\labworkshafeeva\labwork2_1\labwork2_1.cpp(411): warning C4838: преобразование из "int" в "SHORT" требует сужающего преобразования
c:\program_project\github\laboratory-work\labworkshafeeva\labwork2_1\labwork2_1.cpp(419): warning C4326: возвращаемый тип "main" должен быть "int", а не "void"
  LabWork2_1.vcxproj -> C:\Program_Project\GitHub\laboratory-work\LabWorkShafeeva\Debug\LabWork2_1.exe
